<?xml version="1.0" encoding="UTF-8"?>
<!-- Generated by org.testng.reporters.JUnitXMLReporter -->
<testsuite hostname="Home-Laptop" ignored="1" name="SeleniumEasyTest" tests="6" failures="0" timestamp="23 Nov 2020 10:32:29 GMT" time="107.067" errors="0">
  <testcase name="verifyTwoInputFields" time="6.278" classname="testCases.FirstFormDemoUsingLaunchBrowsrStaticDataTest"/>
  <testcase name="verifySingleDemoCheckbox" time="5.239" classname="testCases.CheckBoxDemoSingleCheckBoxTest"/>
  <testcase name="verifySingleInputField" time="21.251" classname="testCases.FirstFormDemoClunkyTest"/>
  <testcase name="verifyTwoInputFieldsNew" time="21.937" classname="testCases.FirstFormDemoDataSheet"/>
  <testcase name="verifySingleInputField" time="6.0" classname="testCases.FirstFormDemoTestUsingLaunchBrowser"/>
  <testcase name="verifySingleDemoCheckbox" time="3.339" classname="testCases.CheckBoxDemoSingleCheckBoxTest2"/>
  <testcase name="verifyTwoInputFields" time="0.0" classname="testCases.FirstFormDemoClunkyTest">
    <ignored/>
  </testcase> <!-- verifyTwoInputFields -->
</testsuite> <!-- SeleniumEasyTest -->
