<?xml version="1.0" encoding="UTF-8"?>
<!-- Generated by org.testng.reporters.JUnitXMLReporter -->
<testsuite hostname="Home-Laptop" ignored="1" name="SeleniumEasyTest" tests="6" failures="0" timestamp="22 Nov 2020 15:10:46 GMT" time="101.226" errors="0">
  <testcase name="verifyTwoInputFields" time="6.11" classname="testCases.BasicFirstFormDemoUsingLaunchBrowsrStaticDataTest"/>
  <testcase name="verifySingleDemoCheckbox" time="4.321" classname="testCases.BasicCheckBoxDemoSingleCheckBoxTest"/>
  <testcase name="verifySingleInputField" time="21.606" classname="testCases.BasicFirstFormDemoClunkyTest"/>
  <testcase name="verifyTwoInputFieldsNew" time="21.761" classname="testCases.BasicFirstFormDemoDataSheet"/>
  <testcase name="verifySingleInputField" time="5.144" classname="testCases.BasicFirstFormDemoTestUsingLaunchBrowser"/>
  <testcase name="verifySingleDemoCheckbox" time="2.916" classname="testCases.BasicCheckBoxDemoSingleCheckBoxTest2"/>
  <testcase name="verifyTwoInputFields" time="0.0" classname="testCases.BasicFirstFormDemoClunkyTest">
    <ignored/>
  </testcase> <!-- verifyTwoInputFields -->
</testsuite> <!-- SeleniumEasyTest -->
