<?xml version="1.0" encoding="UTF-8"?>
<testng-results skipped="0" failed="0" ignored="0" total="1" passed="1">
  <reporter-output>
  </reporter-output>
  <suite name="SeleniumEasySuite" duration-ms="20884" started-at="2020-11-24T19:19:51Z" finished-at="2020-11-24T19:20:12Z">
    <groups>
      <group name="Functional">
        <method signature="DragAndDropTest.verifyDragAndDrop()[pri:0, instance:testCases.DragAndDropTest@32709393]" name="verifyDragAndDrop" class="testCases.DragAndDropTest"/>
      </group> <!-- Functional -->
    </groups>
    <test name="SeleniumEasyTest" duration-ms="20884" started-at="2020-11-24T19:19:51Z" finished-at="2020-11-24T19:20:12Z">
      <class name="testCases.DragAndDropTest">
        <test-method status="PASS" signature="initiateBrowser(java.lang.String)[pri:0, instance:testCases.DragAndDropTest@32709393]" name="initiateBrowser" is-config="true" duration-ms="7491" started-at="2020-11-24T19:19:51Z" finished-at="2020-11-24T19:19:58Z">
          <params>
            <param index="0">
              <value>
                <![CDATA[chrome]]>
              </value>
            </param>
          </params>
          <reporter-output>
          </reporter-output>
        </test-method> <!-- initiateBrowser -->
        <test-method status="PASS" signature="verifyDragAndDrop()[pri:0, instance:testCases.DragAndDropTest@32709393]" name="verifyDragAndDrop" duration-ms="12209" started-at="2020-11-24T19:19:58Z" finished-at="2020-11-24T19:20:11Z">
          <reporter-output>
          </reporter-output>
        </test-method> <!-- verifyDragAndDrop -->
        <test-method status="PASS" signature="tearDown(org.testng.ITestResult)[pri:0, instance:testCases.DragAndDropTest@32709393]" name="tearDown" is-config="true" duration-ms="1108" started-at="2020-11-24T19:20:11Z" finished-at="2020-11-24T19:20:12Z">
          <params>
            <param index="0">
              <value>
                <![CDATA[[TestResult name=verifyDragAndDrop status=SUCCESS method=DragAndDropTest.verifyDragAndDrop()[pri:0, instance:testCases.DragAndDropTest@32709393] output={null}]]]>
              </value>
            </param>
          </params>
          <reporter-output>
          </reporter-output>
        </test-method> <!-- tearDown -->
      </class> <!-- testCases.DragAndDropTest -->
    </test> <!-- SeleniumEasyTest -->
  </suite> <!-- SeleniumEasySuite -->
</testng-results>
