<?xml version="1.0" encoding="UTF-8"?>
<!-- Generated by org.testng.reporters.JUnitXMLReporter -->
<testsuite hostname="Home-Laptop" ignored="1" name="Test" tests="13" failures="0" timestamp="24 Nov 2020 18:59:15 GMT" time="221.357" errors="0">
  <testcase name="selectDropdownListValues" time="4.725" classname="testCases.DropdownListSelectMultipleValuesTest"/>
  <testcase name="verifySingleDemoCheckbox" time="3.799" classname="testCases.CheckBoxDemoSingleCheckBoxTest"/>
  <testcase name="verifySingleRadioButton" time="3.243" classname="testCases.FirstRadioButtonDemoSingleRadioButtonTest"/>
  <testcase name="verifyDatePickerCalendar" time="3.441" classname="testCases.DatePickerCalendarTest"/>
  <testcase name="verifyDropdownListValues" time="3.747" classname="testCases.DropdownListPrintAllValuesTest"/>
  <testcase name="verifyTwoInputFieldsNew" time="21.784" classname="testCases.FirstFormDemoDataSheet"/>
  <testcase name="verifySingleInputField" time="5.642" classname="testCases.FirstFormDemoTestUsingLaunchBrowser"/>
  <testcase name="verifyTwoInputFields" time="5.228" classname="testCases.FirstFormDemoUsingLaunchBrowsrStaticDataTest"/>
  <testcase name="verifyDragAndDrop" time="37.797" classname="testCases.DragAndDropTest"/>
  <testcase name="verifyDropdownList" time="3.858" classname="testCases.DropdownListTest"/>
  <testcase name="verifySingleInputField" time="27.245" classname="testCases.FirstFormDemoClunkyTest"/>
  <testcase name="verifyPopupWindow" time="8.638" classname="testCases.PopupWindowTest"/>
  <testcase name="verifySingleDemoCheckbox" time="3.041" classname="testCases.CheckBoxDemoSingleCheckBoxTest2"/>
  <testcase name="verifyTwoInputFields" time="0.0" classname="testCases.FirstFormDemoClunkyTest">
    <ignored/>
  </testcase> <!-- verifyTwoInputFields -->
</testsuite> <!-- Test -->
