<?xml version="1.0" encoding="UTF-8"?>
<!-- Generated by org.testng.reporters.JUnitXMLReporter -->
<testsuite hostname="Home-Laptop" ignored="0" name="Test" tests="13" failures="0" timestamp="26 Nov 2020 16:27:19 GMT" time="205.309" errors="0">
  <testcase name="selectDropdownListValues" time="4.415" classname="testCases.DropdownListSelectMultipleValuesTest"/>
  <testcase name="verifySingleDemoCheckbox" time="3.296" classname="testCases.CheckBoxDemoSingleCheckBoxTest"/>
  <testcase name="verifySingleRadioButton" time="2.884" classname="testCases.FirstRadioButtonDemoSingleRadioButtonTest"/>
  <testcase name="verifyDatePickerCalendar" time="2.937" classname="testCases.DatePickerCalendarTest"/>
  <testcase name="verifyDropdownListValues" time="5.66" classname="testCases.DropdownListPrintAllValuesTest"/>
  <testcase name="verifyTwoInputFieldsNew" time="23.02" classname="testCases.FirstFormDemoDataSheet"/>
  <testcase name="verifySingleInputField" time="5.757" classname="testCases.FirstFormDemoTestUsingLaunchBrowser"/>
  <testcase name="verifyTwoInputFieldsNew" time="20.948" classname="testCases.HeadlessFirstFormDemoDataSheetTest"/>
  <testcase name="verifyTwoInputFields" time="6.136" classname="testCases.FirstFormDemoUsingLaunchBrowsrStaticDataTest"/>
  <testcase name="handleMultipleWindows" time="15.311" classname="testCases.NaukriHandleMultipleWindowsTest"/>
  <testcase name="verifyDropdownList" time="3.29" classname="testCases.DropdownListTest"/>
  <testcase name="verifyPopupWindow" time="8.805" classname="testCases.PopupWindowTest"/>
  <testcase name="verifySingleDemoCheckbox" time="5.77" classname="testCases.CheckBoxDemoSingleCheckBoxTest2"/>
</testsuite> <!-- Test -->
