<?xml version="1.0" encoding="UTF-8"?>
<!-- Generated by org.testng.reporters.JUnitXMLReporter -->
<testsuite hostname="Home-Laptop" ignored="0" name="Default test" tests="2" failures="0" timestamp="22 Nov 2020 12:33:37 GMT" time="56.979" errors="0">
  <testcase name="verifySingleInputField" time="36.672" classname="testCases.BasicFirstFormDemoClunkyTest"/>
  <testcase name="verifyTwoInputFields" time="20.232" classname="testCases.BasicFirstFormDemoClunkyTest"/>
</testsuite> <!-- Default test -->
